[2024-12-20 20:17:38] local.ERROR: syntax error, unexpected token ")", expecting ":" {"exception":"[object] (Symfony\\Component\\ErrorHandler\\Error\\FatalError(code: 0): syntax error, unexpected token \")\", expecting \":\" at /home/amtech/Desktop/projects/sdssn-app/app/Models/User.php:93)
[stacktrace]
#0 {main}
"} 
[2024-12-20 20:17:38] local.ERROR: syntax error, unexpected token ")", expecting ":" {"exception":"[object] (Symfony\\Component\\ErrorHandler\\Error\\FatalError(code: 0): syntax error, unexpected token \")\", expecting \":\" at /home/amtech/Desktop/projects/sdssn-app/app/Models/User.php:93)
[stacktrace]
#0 {main}
"} 
[2024-12-20 20:27:33] local.ERROR: syntax error, unexpected token ")", expecting ":" {"exception":"[object] (Symfony\\Component\\ErrorHandler\\Error\\FatalError(code: 0): syntax error, unexpected token \")\", expecting \":\" at /home/amtech/Desktop/projects/sdssn-app/app/Models/User.php:100)
[stacktrace]
#0 {main}
"} 
[2024-12-20 20:27:33] local.ERROR: syntax error, unexpected token ")", expecting ":" {"exception":"[object] (Symfony\\Component\\ErrorHandler\\Error\\FatalError(code: 0): syntax error, unexpected token \")\", expecting \":\" at /home/amtech/Desktop/projects/sdssn-app/app/Models/User.php:100)
[stacktrace]
#0 {main}
"} 
[2024-12-20 20:27:39] local.ERROR: syntax error, unexpected token ")", expecting ":" {"exception":"[object] (Symfony\\Component\\ErrorHandler\\Error\\FatalError(code: 0): syntax error, unexpected token \")\", expecting \":\" at /home/amtech/Desktop/projects/sdssn-app/app/Models/User.php:100)
[stacktrace]
#0 {main}
"} 
[2024-12-20 20:27:39] local.ERROR: syntax error, unexpected token ")", expecting ":" {"exception":"[object] (Symfony\\Component\\ErrorHandler\\Error\\FatalError(code: 0): syntax error, unexpected token \")\", expecting \":\" at /home/amtech/Desktop/projects/sdssn-app/app/Models/User.php:100)
[stacktrace]
#0 {main}
"} 
[2024-12-20 20:34:19] local.INFO: Request:  
[2024-12-20 20:34:19] local.INFO: Raw Input:   
[2024-12-20 20:34:19] local.ERROR: Error: ["The route profile/hello could not be found.","#0 /home/amtech/Desktop/projects/sdssn-app/vendor/laravel/framework/src/Illuminate/Routing/RouteCollection.php(163): Illuminate\\Routing\\AbstractRouteCollection->handleMatchedRoute()
#1 /home/amtech/Desktop/projects/sdssn-app/vendor/laravel/framework/src/Illuminate/Routing/Router.php(763): Illuminate\\Routing\\RouteCollection->match()
#2 /home/amtech/Desktop/projects/sdssn-app/vendor/laravel/framework/src/Illuminate/Routing/Router.php(750): Illuminate\\Routing\\Router->findRoute()
#3 /home/amtech/Desktop/projects/sdssn-app/vendor/laravel/framework/src/Illuminate/Routing/Router.php(739): Illuminate\\Routing\\Router->dispatchToRoute()
#4 /home/amtech/Desktop/projects/sdssn-app/vendor/laravel/framework/src/Illuminate/Foundation/Http/Kernel.php(201): Illuminate\\Routing\\Router->dispatch()
#5 /home/amtech/Desktop/projects/sdssn-app/vendor/laravel/framework/src/Illuminate/Pipeline/Pipeline.php(144): Illuminate\\Foundation\\Http\\Kernel->Illuminate\\Foundation\\Http\\{closure}()
#6 /home/amtech/Desktop/projects/sdssn-app/vendor/laravel/framework/src/Illuminate/Foundation/Http/Middleware/TransformsRequest.php(21): Illuminate\\Pipeline\\Pipeline->Illuminate\\Pipeline\\{closure}()
#7 /home/amtech/Desktop/projects/sdssn-app/vendor/laravel/framework/src/Illuminate/Foundation/Http/Middleware/ConvertEmptyStringsToNull.php(31): Illuminate\\Foundation\\Http\\Middleware\\TransformsRequest->handle()
#8 /home/amtech/Desktop/projects/sdssn-app/vendor/laravel/framework/src/Illuminate/Pipeline/Pipeline.php(183): Illuminate\\Foundation\\Http\\Middleware\\ConvertEmptyStringsToNull->handle()
#9 /home/amtech/Desktop/projects/sdssn-app/vendor/laravel/framework/src/Illuminate/Foundation/Http/Middleware/TransformsRequest.php(21): Illuminate\\Pipeline\\Pipeline->Illuminate\\Pipeline\\{closure}()
#10 /home/amtech/Desktop/projects/sdssn-app/vendor/laravel/framework/src/Illuminate/Foundation/Http/Middleware/TrimStrings.php(51): Illuminate\\Foundation\\Http\\Middleware\\TransformsRequest->handle()
#11 /home/amtech/Desktop/projects/sdssn-app/vendor/laravel/framework/src/Illuminate/Pipeline/Pipeline.php(183): Illuminate\\Foundation\\Http\\Middleware\\TrimStrings->handle()
#12 /home/amtech/Desktop/projects/sdssn-app/vendor/laravel/framework/src/Illuminate/Http/Middleware/ValidatePostSize.php(27): Illuminate\\Pipeline\\Pipeline->Illuminate\\Pipeline\\{closure}()
#13 /home/amtech/Desktop/projects/sdssn-app/vendor/laravel/framework/src/Illuminate/Pipeline/Pipeline.php(183): Illuminate\\Http\\Middleware\\ValidatePostSize->handle()
#14 /home/amtech/Desktop/projects/sdssn-app/vendor/laravel/framework/src/Illuminate/Foundation/Http/Middleware/PreventRequestsDuringMaintenance.php(110): Illuminate\\Pipeline\\Pipeline->Illuminate\\Pipeline\\{closure}()
#15 /home/amtech/Desktop/projects/sdssn-app/vendor/laravel/framework/src/Illuminate/Pipeline/Pipeline.php(183): Illuminate\\Foundation\\Http\\Middleware\\PreventRequestsDuringMaintenance->handle()
#16 /home/amtech/Desktop/projects/sdssn-app/vendor/laravel/framework/src/Illuminate/Http/Middleware/HandleCors.php(62): Illuminate\\Pipeline\\Pipeline->Illuminate\\Pipeline\\{closure}()
#17 /home/amtech/Desktop/projects/sdssn-app/vendor/laravel/framework/src/Illuminate/Pipeline/Pipeline.php(183): Illuminate\\Http\\Middleware\\HandleCors->handle()
#18 /home/amtech/Desktop/projects/sdssn-app/vendor/laravel/framework/src/Illuminate/Http/Middleware/TrustProxies.php(58): Illuminate\\Pipeline\\Pipeline->Illuminate\\Pipeline\\{closure}()
#19 /home/amtech/Desktop/projects/sdssn-app/vendor/laravel/framework/src/Illuminate/Pipeline/Pipeline.php(183): Illuminate\\Http\\Middleware\\TrustProxies->handle()
#20 /home/amtech/Desktop/projects/sdssn-app/vendor/laravel/framework/src/Illuminate/Foundation/Http/Middleware/InvokeDeferredCallbacks.php(22): Illuminate\\Pipeline\\Pipeline->Illuminate\\Pipeline\\{closure}()
#21 /home/amtech/Desktop/projects/sdssn-app/vendor/laravel/framework/src/Illuminate/Pipeline/Pipeline.php(183): Illuminate\\Foundation\\Http\\Middleware\\InvokeDeferredCallbacks->handle()
#22 /home/amtech/Desktop/projects/sdssn-app/vendor/laravel/framework/src/Illuminate/Pipeline/Pipeline.php(119): Illuminate\\Pipeline\\Pipeline->Illuminate\\Pipeline\\{closure}()
#23 /home/amtech/Desktop/projects/sdssn-app/vendor/laravel/framework/src/Illuminate/Foundation/Http/Kernel.php(176): Illuminate\\Pipeline\\Pipeline->then()
#24 /home/amtech/Desktop/projects/sdssn-app/vendor/laravel/framework/src/Illuminate/Foundation/Http/Kernel.php(145): Illuminate\\Foundation\\Http\\Kernel->sendRequestThroughRouter()
#25 /home/amtech/Desktop/projects/sdssn-app/vendor/laravel/framework/src/Illuminate/Foundation/Application.php(1190): Illuminate\\Foundation\\Http\\Kernel->handle()
#26 /home/amtech/Desktop/projects/sdssn-app/public/index.php(17): Illuminate\\Foundation\\Application->handleRequest()
#27 /home/amtech/Desktop/projects/sdssn-app/vendor/laravel/framework/src/Illuminate/Foundation/resources/server.php(23): require_once('...')
#28 {main}"] 
[2024-12-20 20:34:30] local.INFO: Activities: {"request":[],"ip_address":"127.0.0.1","user_agent":"Mozilla/5.0 (X11; Linux x86_64) AppleWebKit/537.36 (KHTML, like Gecko) Chrome/131.0.0.0 Safari/537.36 Edg/131.0.0.0","device":"Unknown Device","platform":"Linux","browser":"Chrome"} 
[2024-12-20 20:34:30] local.INFO: Request:  
[2024-12-20 20:34:30] local.INFO: Raw Input:   
[2024-12-20 20:34:30] local.ERROR: Error: ["No query results for model [App\\Models\\User] hello","#0 /home/amtech/Desktop/projects/sdssn-app/vendor/laravel/framework/src/Illuminate/Foundation/Exceptions/Handler.php(582): Illuminate\\Foundation\\Exceptions\\Handler->prepareException()
#1 /home/amtech/Desktop/projects/sdssn-app/vendor/laravel/framework/src/Illuminate/Routing/Pipeline.php(51): Illuminate\\Foundation\\Exceptions\\Handler->render()
#2 /home/amtech/Desktop/projects/sdssn-app/vendor/laravel/framework/src/Illuminate/Pipeline/Pipeline.php(188): Illuminate\\Routing\\Pipeline->handleException()
#3 /home/amtech/Desktop/projects/sdssn-app/app/Http/Middleware/LogActivities.php(41): Illuminate\\Pipeline\\Pipeline->Illuminate\\Pipeline\\{closure}()
#4 /home/amtech/Desktop/projects/sdssn-app/vendor/laravel/framework/src/Illuminate/Pipeline/Pipeline.php(183): App\\Http\\Middleware\\LogActivities->handle()
#5 /home/amtech/Desktop/projects/sdssn-app/vendor/laravel/sanctum/src/Http/Middleware/EnsureFrontendRequestsAreStateful.php(25): Illuminate\\Pipeline\\Pipeline->Illuminate\\Pipeline\\{closure}()
#6 /home/amtech/Desktop/projects/sdssn-app/vendor/laravel/framework/src/Illuminate/Pipeline/Pipeline.php(144): Laravel\\Sanctum\\Http\\Middleware\\EnsureFrontendRequestsAreStateful->Laravel\\Sanctum\\Http\\Middleware\\{closure}()
#7 /home/amtech/Desktop/projects/sdssn-app/vendor/laravel/framework/src/Illuminate/Pipeline/Pipeline.php(119): Illuminate\\Pipeline\\Pipeline->Illuminate\\Pipeline\\{closure}()
#8 /home/amtech/Desktop/projects/sdssn-app/vendor/laravel/sanctum/src/Http/Middleware/EnsureFrontendRequestsAreStateful.php(24): Illuminate\\Pipeline\\Pipeline->then()
#9 /home/amtech/Desktop/projects/sdssn-app/vendor/laravel/framework/src/Illuminate/Pipeline/Pipeline.php(183): Laravel\\Sanctum\\Http\\Middleware\\EnsureFrontendRequestsAreStateful->handle()
#10 /home/amtech/Desktop/projects/sdssn-app/vendor/laravel/framework/src/Illuminate/Pipeline/Pipeline.php(119): Illuminate\\Pipeline\\Pipeline->Illuminate\\Pipeline\\{closure}()
#11 /home/amtech/Desktop/projects/sdssn-app/vendor/laravel/framework/src/Illuminate/Routing/Router.php(807): Illuminate\\Pipeline\\Pipeline->then()
#12 /home/amtech/Desktop/projects/sdssn-app/vendor/laravel/framework/src/Illuminate/Routing/Router.php(786): Illuminate\\Routing\\Router->runRouteWithinStack()
#13 /home/amtech/Desktop/projects/sdssn-app/vendor/laravel/framework/src/Illuminate/Routing/Router.php(750): Illuminate\\Routing\\Router->runRoute()
#14 /home/amtech/Desktop/projects/sdssn-app/vendor/laravel/framework/src/Illuminate/Routing/Router.php(739): Illuminate\\Routing\\Router->dispatchToRoute()
#15 /home/amtech/Desktop/projects/sdssn-app/vendor/laravel/framework/src/Illuminate/Foundation/Http/Kernel.php(201): Illuminate\\Routing\\Router->dispatch()
#16 /home/amtech/Desktop/projects/sdssn-app/vendor/laravel/framework/src/Illuminate/Pipeline/Pipeline.php(144): Illuminate\\Foundation\\Http\\Kernel->Illuminate\\Foundation\\Http\\{closure}()
#17 /home/amtech/Desktop/projects/sdssn-app/vendor/laravel/framework/src/Illuminate/Foundation/Http/Middleware/TransformsRequest.php(21): Illuminate\\Pipeline\\Pipeline->Illuminate\\Pipeline\\{closure}()
#18 /home/amtech/Desktop/projects/sdssn-app/vendor/laravel/framework/src/Illuminate/Foundation/Http/Middleware/ConvertEmptyStringsToNull.php(31): Illuminate\\Foundation\\Http\\Middleware\\TransformsRequest->handle()
#19 /home/amtech/Desktop/projects/sdssn-app/vendor/laravel/framework/src/Illuminate/Pipeline/Pipeline.php(183): Illuminate\\Foundation\\Http\\Middleware\\ConvertEmptyStringsToNull->handle()
#20 /home/amtech/Desktop/projects/sdssn-app/vendor/laravel/framework/src/Illuminate/Foundation/Http/Middleware/TransformsRequest.php(21): Illuminate\\Pipeline\\Pipeline->Illuminate\\Pipeline\\{closure}()
#21 /home/amtech/Desktop/projects/sdssn-app/vendor/laravel/framework/src/Illuminate/Foundation/Http/Middleware/TrimStrings.php(51): Illuminate\\Foundation\\Http\\Middleware\\TransformsRequest->handle()
#22 /home/amtech/Desktop/projects/sdssn-app/vendor/laravel/framework/src/Illuminate/Pipeline/Pipeline.php(183): Illuminate\\Foundation\\Http\\Middleware\\TrimStrings->handle()
#23 /home/amtech/Desktop/projects/sdssn-app/vendor/laravel/framework/src/Illuminate/Http/Middleware/ValidatePostSize.php(27): Illuminate\\Pipeline\\Pipeline->Illuminate\\Pipeline\\{closure}()
#24 /home/amtech/Desktop/projects/sdssn-app/vendor/laravel/framework/src/Illuminate/Pipeline/Pipeline.php(183): Illuminate\\Http\\Middleware\\ValidatePostSize->handle()
#25 /home/amtech/Desktop/projects/sdssn-app/vendor/laravel/framework/src/Illuminate/Foundation/Http/Middleware/PreventRequestsDuringMaintenance.php(110): Illuminate\\Pipeline\\Pipeline->Illuminate\\Pipeline\\{closure}()
#26 /home/amtech/Desktop/projects/sdssn-app/vendor/laravel/framework/src/Illuminate/Pipeline/Pipeline.php(183): Illuminate\\Foundation\\Http\\Middleware\\PreventRequestsDuringMaintenance->handle()
#27 /home/amtech/Desktop/projects/sdssn-app/vendor/laravel/framework/src/Illuminate/Http/Middleware/HandleCors.php(62): Illuminate\\Pipeline\\Pipeline->Illuminate\\Pipeline\\{closure}()
#28 /home/amtech/Desktop/projects/sdssn-app/vendor/laravel/framework/src/Illuminate/Pipeline/Pipeline.php(183): Illuminate\\Http\\Middleware\\HandleCors->handle()
#29 /home/amtech/Desktop/projects/sdssn-app/vendor/laravel/framework/src/Illuminate/Http/Middleware/TrustProxies.php(58): Illuminate\\Pipeline\\Pipeline->Illuminate\\Pipeline\\{closure}()
#30 /home/amtech/Desktop/projects/sdssn-app/vendor/laravel/framework/src/Illuminate/Pipeline/Pipeline.php(183): Illuminate\\Http\\Middleware\\TrustProxies->handle()
#31 /home/amtech/Desktop/projects/sdssn-app/vendor/laravel/framework/src/Illuminate/Foundation/Http/Middleware/InvokeDeferredCallbacks.php(22): Illuminate\\Pipeline\\Pipeline->Illuminate\\Pipeline\\{closure}()
#32 /home/amtech/Desktop/projects/sdssn-app/vendor/laravel/framework/src/Illuminate/Pipeline/Pipeline.php(183): Illuminate\\Foundation\\Http\\Middleware\\InvokeDeferredCallbacks->handle()
#33 /home/amtech/Desktop/projects/sdssn-app/vendor/laravel/framework/src/Illuminate/Pipeline/Pipeline.php(119): Illuminate\\Pipeline\\Pipeline->Illuminate\\Pipeline\\{closure}()
#34 /home/amtech/Desktop/projects/sdssn-app/vendor/laravel/framework/src/Illuminate/Foundation/Http/Kernel.php(176): Illuminate\\Pipeline\\Pipeline->then()
#35 /home/amtech/Desktop/projects/sdssn-app/vendor/laravel/framework/src/Illuminate/Foundation/Http/Kernel.php(145): Illuminate\\Foundation\\Http\\Kernel->sendRequestThroughRouter()
#36 /home/amtech/Desktop/projects/sdssn-app/vendor/laravel/framework/src/Illuminate/Foundation/Application.php(1190): Illuminate\\Foundation\\Http\\Kernel->handle()
#37 /home/amtech/Desktop/projects/sdssn-app/public/index.php(17): Illuminate\\Foundation\\Application->handleRequest()
#38 /home/amtech/Desktop/projects/sdssn-app/vendor/laravel/framework/src/Illuminate/Foundation/resources/server.php(23): require_once('...')
#39 {main}"] 
[2024-12-21 05:56:44] local.ERROR: syntax error, unexpected token "}" {"exception":"[object] (ParseError(code: 0): syntax error, unexpected token \"}\" at /home/amtech/Desktop/projects/sdssn-app/routes/api.php:109)
[stacktrace]
#0 /home/amtech/Desktop/projects/sdssn-app/vendor/laravel/framework/src/Illuminate/Routing/Router.php(513): Illuminate\\Routing\\RouteFileRegistrar->register()
#1 /home/amtech/Desktop/projects/sdssn-app/vendor/laravel/framework/src/Illuminate/Routing/Router.php(467): Illuminate\\Routing\\Router->loadRoutes()
#2 /home/amtech/Desktop/projects/sdssn-app/vendor/laravel/framework/src/Illuminate/Routing/RouteRegistrar.php(199): Illuminate\\Routing\\Router->group()
#3 /home/amtech/Desktop/projects/sdssn-app/vendor/laravel/framework/src/Illuminate/Foundation/Configuration/ApplicationBuilder.php(208): Illuminate\\Routing\\RouteRegistrar->group()
#4 /home/amtech/Desktop/projects/sdssn-app/vendor/laravel/framework/src/Illuminate/Container/BoundMethod.php(36): Illuminate\\Foundation\\Configuration\\ApplicationBuilder->Illuminate\\Foundation\\Configuration\\{closure}()
#5 /home/amtech/Desktop/projects/sdssn-app/vendor/laravel/framework/src/Illuminate/Container/Util.php(43): Illuminate\\Container\\BoundMethod::Illuminate\\Container\\{closure}()
#6 /home/amtech/Desktop/projects/sdssn-app/vendor/laravel/framework/src/Illuminate/Container/BoundMethod.php(83): Illuminate\\Container\\Util::unwrapIfClosure()
#7 /home/amtech/Desktop/projects/sdssn-app/vendor/laravel/framework/src/Illuminate/Container/BoundMethod.php(35): Illuminate\\Container\\BoundMethod::callBoundMethod()
#8 /home/amtech/Desktop/projects/sdssn-app/vendor/laravel/framework/src/Illuminate/Container/Container.php(694): Illuminate\\Container\\BoundMethod::call()
#9 /home/amtech/Desktop/projects/sdssn-app/vendor/laravel/framework/src/Illuminate/Foundation/Support/Providers/RouteServiceProvider.php(162): Illuminate\\Container\\Container->call()
#10 /home/amtech/Desktop/projects/sdssn-app/vendor/laravel/framework/src/Illuminate/Foundation/Support/Providers/RouteServiceProvider.php(59): Illuminate\\Foundation\\Support\\Providers\\RouteServiceProvider->loadRoutes()
#11 /home/amtech/Desktop/projects/sdssn-app/vendor/laravel/framework/src/Illuminate/Container/BoundMethod.php(36): Illuminate\\Foundation\\Support\\Providers\\RouteServiceProvider->Illuminate\\Foundation\\Support\\Providers\\{closure}()
#12 /home/amtech/Desktop/projects/sdssn-app/vendor/laravel/framework/src/Illuminate/Container/Util.php(43): Illuminate\\Container\\BoundMethod::Illuminate\\Container\\{closure}()
#13 /home/amtech/Desktop/projects/sdssn-app/vendor/laravel/framework/src/Illuminate/Container/BoundMethod.php(83): Illuminate\\Container\\Util::unwrapIfClosure()
#14 /home/amtech/Desktop/projects/sdssn-app/vendor/laravel/framework/src/Illuminate/Container/BoundMethod.php(35): Illuminate\\Container\\BoundMethod::callBoundMethod()
#15 /home/amtech/Desktop/projects/sdssn-app/vendor/laravel/framework/src/Illuminate/Container/Container.php(694): Illuminate\\Container\\BoundMethod::call()
#16 /home/amtech/Desktop/projects/sdssn-app/vendor/laravel/framework/src/Illuminate/Support/ServiceProvider.php(144): Illuminate\\Container\\Container->call()
#17 /home/amtech/Desktop/projects/sdssn-app/vendor/laravel/framework/src/Illuminate/Foundation/Application.php(1124): Illuminate\\Support\\ServiceProvider->callBootedCallbacks()
#18 /home/amtech/Desktop/projects/sdssn-app/vendor/laravel/framework/src/Illuminate/Foundation/Application.php(1102): Illuminate\\Foundation\\Application->bootProvider()
#19 [internal function]: Illuminate\\Foundation\\Application->Illuminate\\Foundation\\{closure}()
#20 /home/amtech/Desktop/projects/sdssn-app/vendor/laravel/framework/src/Illuminate/Foundation/Application.php(1101): array_walk()
#21 /home/amtech/Desktop/projects/sdssn-app/vendor/laravel/framework/src/Illuminate/Foundation/Bootstrap/BootProviders.php(17): Illuminate\\Foundation\\Application->boot()
#22 /home/amtech/Desktop/projects/sdssn-app/vendor/laravel/framework/src/Illuminate/Foundation/Application.php(316): Illuminate\\Foundation\\Bootstrap\\BootProviders->bootstrap()
#23 /home/amtech/Desktop/projects/sdssn-app/vendor/laravel/framework/src/Illuminate/Foundation/Console/Kernel.php(473): Illuminate\\Foundation\\Application->bootstrapWith()
#24 /home/amtech/Desktop/projects/sdssn-app/vendor/laravel/framework/src/Illuminate/Foundation/Console/Kernel.php(195): Illuminate\\Foundation\\Console\\Kernel->bootstrap()
#25 Command line code(1): Illuminate\\Foundation\\Console\\Kernel->handle()
#26 {main}
"} 
[2024-12-21 05:56:44] local.ERROR: syntax error, unexpected token "}" {"exception":"[object] (ParseError(code: 0): syntax error, unexpected token \"}\" at /home/amtech/Desktop/projects/sdssn-app/routes/api.php:109)
[stacktrace]
#0 /home/amtech/Desktop/projects/sdssn-app/vendor/laravel/framework/src/Illuminate/Routing/Router.php(513): Illuminate\\Routing\\RouteFileRegistrar->register()
#1 /home/amtech/Desktop/projects/sdssn-app/vendor/laravel/framework/src/Illuminate/Routing/Router.php(467): Illuminate\\Routing\\Router->loadRoutes()
#2 /home/amtech/Desktop/projects/sdssn-app/vendor/laravel/framework/src/Illuminate/Routing/RouteRegistrar.php(199): Illuminate\\Routing\\Router->group()
#3 /home/amtech/Desktop/projects/sdssn-app/vendor/laravel/framework/src/Illuminate/Foundation/Configuration/ApplicationBuilder.php(208): Illuminate\\Routing\\RouteRegistrar->group()
#4 /home/amtech/Desktop/projects/sdssn-app/vendor/laravel/framework/src/Illuminate/Container/BoundMethod.php(36): Illuminate\\Foundation\\Configuration\\ApplicationBuilder->Illuminate\\Foundation\\Configuration\\{closure}()
#5 /home/amtech/Desktop/projects/sdssn-app/vendor/laravel/framework/src/Illuminate/Container/Util.php(43): Illuminate\\Container\\BoundMethod::Illuminate\\Container\\{closure}()
#6 /home/amtech/Desktop/projects/sdssn-app/vendor/laravel/framework/src/Illuminate/Container/BoundMethod.php(83): Illuminate\\Container\\Util::unwrapIfClosure()
#7 /home/amtech/Desktop/projects/sdssn-app/vendor/laravel/framework/src/Illuminate/Container/BoundMethod.php(35): Illuminate\\Container\\BoundMethod::callBoundMethod()
#8 /home/amtech/Desktop/projects/sdssn-app/vendor/laravel/framework/src/Illuminate/Container/Container.php(694): Illuminate\\Container\\BoundMethod::call()
#9 /home/amtech/Desktop/projects/sdssn-app/vendor/laravel/framework/src/Illuminate/Foundation/Support/Providers/RouteServiceProvider.php(162): Illuminate\\Container\\Container->call()
#10 /home/amtech/Desktop/projects/sdssn-app/vendor/laravel/framework/src/Illuminate/Foundation/Support/Providers/RouteServiceProvider.php(59): Illuminate\\Foundation\\Support\\Providers\\RouteServiceProvider->loadRoutes()
#11 /home/amtech/Desktop/projects/sdssn-app/vendor/laravel/framework/src/Illuminate/Container/BoundMethod.php(36): Illuminate\\Foundation\\Support\\Providers\\RouteServiceProvider->Illuminate\\Foundation\\Support\\Providers\\{closure}()
#12 /home/amtech/Desktop/projects/sdssn-app/vendor/laravel/framework/src/Illuminate/Container/Util.php(43): Illuminate\\Container\\BoundMethod::Illuminate\\Container\\{closure}()
#13 /home/amtech/Desktop/projects/sdssn-app/vendor/laravel/framework/src/Illuminate/Container/BoundMethod.php(83): Illuminate\\Container\\Util::unwrapIfClosure()
#14 /home/amtech/Desktop/projects/sdssn-app/vendor/laravel/framework/src/Illuminate/Container/BoundMethod.php(35): Illuminate\\Container\\BoundMethod::callBoundMethod()
#15 /home/amtech/Desktop/projects/sdssn-app/vendor/laravel/framework/src/Illuminate/Container/Container.php(694): Illuminate\\Container\\BoundMethod::call()
#16 /home/amtech/Desktop/projects/sdssn-app/vendor/laravel/framework/src/Illuminate/Support/ServiceProvider.php(144): Illuminate\\Container\\Container->call()
#17 /home/amtech/Desktop/projects/sdssn-app/vendor/laravel/framework/src/Illuminate/Foundation/Application.php(1124): Illuminate\\Support\\ServiceProvider->callBootedCallbacks()
#18 /home/amtech/Desktop/projects/sdssn-app/vendor/laravel/framework/src/Illuminate/Foundation/Application.php(1102): Illuminate\\Foundation\\Application->bootProvider()
#19 [internal function]: Illuminate\\Foundation\\Application->Illuminate\\Foundation\\{closure}()
#20 /home/amtech/Desktop/projects/sdssn-app/vendor/laravel/framework/src/Illuminate/Foundation/Application.php(1101): array_walk()
#21 /home/amtech/Desktop/projects/sdssn-app/vendor/laravel/framework/src/Illuminate/Foundation/Bootstrap/BootProviders.php(17): Illuminate\\Foundation\\Application->boot()
#22 /home/amtech/Desktop/projects/sdssn-app/vendor/laravel/framework/src/Illuminate/Foundation/Application.php(316): Illuminate\\Foundation\\Bootstrap\\BootProviders->bootstrap()
#23 /home/amtech/Desktop/projects/sdssn-app/vendor/laravel/framework/src/Illuminate/Foundation/Console/Kernel.php(473): Illuminate\\Foundation\\Application->bootstrapWith()
#24 /home/amtech/Desktop/projects/sdssn-app/vendor/laravel/framework/src/Illuminate/Foundation/Console/Kernel.php(195): Illuminate\\Foundation\\Console\\Kernel->bootstrap()
#25 Command line code(1): Illuminate\\Foundation\\Console\\Kernel->handle()
#26 {main}
"} 
[2024-12-21 05:56:45] local.ERROR: syntax error, unexpected token "}" {"exception":"[object] (ParseError(code: 0): syntax error, unexpected token \"}\" at /home/amtech/Desktop/projects/sdssn-app/routes/api.php:109)
[stacktrace]
#0 /home/amtech/Desktop/projects/sdssn-app/vendor/laravel/framework/src/Illuminate/Routing/Router.php(513): Illuminate\\Routing\\RouteFileRegistrar->register()
#1 /home/amtech/Desktop/projects/sdssn-app/vendor/laravel/framework/src/Illuminate/Routing/Router.php(467): Illuminate\\Routing\\Router->loadRoutes()
#2 /home/amtech/Desktop/projects/sdssn-app/vendor/laravel/framework/src/Illuminate/Routing/RouteRegistrar.php(199): Illuminate\\Routing\\Router->group()
#3 /home/amtech/Desktop/projects/sdssn-app/vendor/laravel/framework/src/Illuminate/Foundation/Configuration/ApplicationBuilder.php(208): Illuminate\\Routing\\RouteRegistrar->group()
#4 /home/amtech/Desktop/projects/sdssn-app/vendor/laravel/framework/src/Illuminate/Container/BoundMethod.php(36): Illuminate\\Foundation\\Configuration\\ApplicationBuilder->Illuminate\\Foundation\\Configuration\\{closure}()
#5 /home/amtech/Desktop/projects/sdssn-app/vendor/laravel/framework/src/Illuminate/Container/Util.php(43): Illuminate\\Container\\BoundMethod::Illuminate\\Container\\{closure}()
#6 /home/amtech/Desktop/projects/sdssn-app/vendor/laravel/framework/src/Illuminate/Container/BoundMethod.php(83): Illuminate\\Container\\Util::unwrapIfClosure()
#7 /home/amtech/Desktop/projects/sdssn-app/vendor/laravel/framework/src/Illuminate/Container/BoundMethod.php(35): Illuminate\\Container\\BoundMethod::callBoundMethod()
#8 /home/amtech/Desktop/projects/sdssn-app/vendor/laravel/framework/src/Illuminate/Container/Container.php(694): Illuminate\\Container\\BoundMethod::call()
#9 /home/amtech/Desktop/projects/sdssn-app/vendor/laravel/framework/src/Illuminate/Foundation/Support/Providers/RouteServiceProvider.php(162): Illuminate\\Container\\Container->call()
#10 /home/amtech/Desktop/projects/sdssn-app/vendor/laravel/framework/src/Illuminate/Foundation/Support/Providers/RouteServiceProvider.php(59): Illuminate\\Foundation\\Support\\Providers\\RouteServiceProvider->loadRoutes()
#11 /home/amtech/Desktop/projects/sdssn-app/vendor/laravel/framework/src/Illuminate/Container/BoundMethod.php(36): Illuminate\\Foundation\\Support\\Providers\\RouteServiceProvider->Illuminate\\Foundation\\Support\\Providers\\{closure}()
#12 /home/amtech/Desktop/projects/sdssn-app/vendor/laravel/framework/src/Illuminate/Container/Util.php(43): Illuminate\\Container\\BoundMethod::Illuminate\\Container\\{closure}()
#13 /home/amtech/Desktop/projects/sdssn-app/vendor/laravel/framework/src/Illuminate/Container/BoundMethod.php(83): Illuminate\\Container\\Util::unwrapIfClosure()
#14 /home/amtech/Desktop/projects/sdssn-app/vendor/laravel/framework/src/Illuminate/Container/BoundMethod.php(35): Illuminate\\Container\\BoundMethod::callBoundMethod()
#15 /home/amtech/Desktop/projects/sdssn-app/vendor/laravel/framework/src/Illuminate/Container/Container.php(694): Illuminate\\Container\\BoundMethod::call()
#16 /home/amtech/Desktop/projects/sdssn-app/vendor/laravel/framework/src/Illuminate/Support/ServiceProvider.php(144): Illuminate\\Container\\Container->call()
#17 /home/amtech/Desktop/projects/sdssn-app/vendor/laravel/framework/src/Illuminate/Foundation/Application.php(1124): Illuminate\\Support\\ServiceProvider->callBootedCallbacks()
#18 /home/amtech/Desktop/projects/sdssn-app/vendor/laravel/framework/src/Illuminate/Foundation/Application.php(1102): Illuminate\\Foundation\\Application->bootProvider()
#19 [internal function]: Illuminate\\Foundation\\Application->Illuminate\\Foundation\\{closure}()
#20 /home/amtech/Desktop/projects/sdssn-app/vendor/laravel/framework/src/Illuminate/Foundation/Application.php(1101): array_walk()
#21 /home/amtech/Desktop/projects/sdssn-app/vendor/laravel/framework/src/Illuminate/Foundation/Bootstrap/BootProviders.php(17): Illuminate\\Foundation\\Application->boot()
#22 /home/amtech/Desktop/projects/sdssn-app/vendor/laravel/framework/src/Illuminate/Foundation/Application.php(316): Illuminate\\Foundation\\Bootstrap\\BootProviders->bootstrap()
#23 /home/amtech/Desktop/projects/sdssn-app/vendor/laravel/framework/src/Illuminate/Foundation/Console/Kernel.php(473): Illuminate\\Foundation\\Application->bootstrapWith()
#24 /home/amtech/Desktop/projects/sdssn-app/vendor/laravel/framework/src/Illuminate/Foundation/Console/Kernel.php(195): Illuminate\\Foundation\\Console\\Kernel->bootstrap()
#25 /home/amtech/Desktop/projects/sdssn-app/vendor/laravel/framework/src/Illuminate/Foundation/Application.php(1205): Illuminate\\Foundation\\Console\\Kernel->handle()
#26 /home/amtech/Desktop/projects/sdssn-app/artisan(13): Illuminate\\Foundation\\Application->handleCommand()
#27 {main}
"} 
[2024-12-21 05:56:49] local.ERROR: syntax error, unexpected token "}" {"exception":"[object] (ParseError(code: 0): syntax error, unexpected token \"}\" at /home/amtech/Desktop/projects/sdssn-app/routes/api.php:109)
[stacktrace]
#0 /home/amtech/Desktop/projects/sdssn-app/vendor/laravel/framework/src/Illuminate/Routing/Router.php(513): Illuminate\\Routing\\RouteFileRegistrar->register()
#1 /home/amtech/Desktop/projects/sdssn-app/vendor/laravel/framework/src/Illuminate/Routing/Router.php(467): Illuminate\\Routing\\Router->loadRoutes()
#2 /home/amtech/Desktop/projects/sdssn-app/vendor/laravel/framework/src/Illuminate/Routing/RouteRegistrar.php(199): Illuminate\\Routing\\Router->group()
#3 /home/amtech/Desktop/projects/sdssn-app/vendor/laravel/framework/src/Illuminate/Foundation/Configuration/ApplicationBuilder.php(208): Illuminate\\Routing\\RouteRegistrar->group()
#4 /home/amtech/Desktop/projects/sdssn-app/vendor/laravel/framework/src/Illuminate/Container/BoundMethod.php(36): Illuminate\\Foundation\\Configuration\\ApplicationBuilder->Illuminate\\Foundation\\Configuration\\{closure}()
#5 /home/amtech/Desktop/projects/sdssn-app/vendor/laravel/framework/src/Illuminate/Container/Util.php(43): Illuminate\\Container\\BoundMethod::Illuminate\\Container\\{closure}()
#6 /home/amtech/Desktop/projects/sdssn-app/vendor/laravel/framework/src/Illuminate/Container/BoundMethod.php(83): Illuminate\\Container\\Util::unwrapIfClosure()
#7 /home/amtech/Desktop/projects/sdssn-app/vendor/laravel/framework/src/Illuminate/Container/BoundMethod.php(35): Illuminate\\Container\\BoundMethod::callBoundMethod()
#8 /home/amtech/Desktop/projects/sdssn-app/vendor/laravel/framework/src/Illuminate/Container/Container.php(694): Illuminate\\Container\\BoundMethod::call()
#9 /home/amtech/Desktop/projects/sdssn-app/vendor/laravel/framework/src/Illuminate/Foundation/Support/Providers/RouteServiceProvider.php(162): Illuminate\\Container\\Container->call()
#10 /home/amtech/Desktop/projects/sdssn-app/vendor/laravel/framework/src/Illuminate/Foundation/Support/Providers/RouteServiceProvider.php(59): Illuminate\\Foundation\\Support\\Providers\\RouteServiceProvider->loadRoutes()
#11 /home/amtech/Desktop/projects/sdssn-app/vendor/laravel/framework/src/Illuminate/Container/BoundMethod.php(36): Illuminate\\Foundation\\Support\\Providers\\RouteServiceProvider->Illuminate\\Foundation\\Support\\Providers\\{closure}()
#12 /home/amtech/Desktop/projects/sdssn-app/vendor/laravel/framework/src/Illuminate/Container/Util.php(43): Illuminate\\Container\\BoundMethod::Illuminate\\Container\\{closure}()
#13 /home/amtech/Desktop/projects/sdssn-app/vendor/laravel/framework/src/Illuminate/Container/BoundMethod.php(83): Illuminate\\Container\\Util::unwrapIfClosure()
#14 /home/amtech/Desktop/projects/sdssn-app/vendor/laravel/framework/src/Illuminate/Container/BoundMethod.php(35): Illuminate\\Container\\BoundMethod::callBoundMethod()
#15 /home/amtech/Desktop/projects/sdssn-app/vendor/laravel/framework/src/Illuminate/Container/Container.php(694): Illuminate\\Container\\BoundMethod::call()
#16 /home/amtech/Desktop/projects/sdssn-app/vendor/laravel/framework/src/Illuminate/Support/ServiceProvider.php(144): Illuminate\\Container\\Container->call()
#17 /home/amtech/Desktop/projects/sdssn-app/vendor/laravel/framework/src/Illuminate/Foundation/Application.php(1124): Illuminate\\Support\\ServiceProvider->callBootedCallbacks()
#18 /home/amtech/Desktop/projects/sdssn-app/vendor/laravel/framework/src/Illuminate/Foundation/Application.php(1102): Illuminate\\Foundation\\Application->bootProvider()
#19 [internal function]: Illuminate\\Foundation\\Application->Illuminate\\Foundation\\{closure}()
#20 /home/amtech/Desktop/projects/sdssn-app/vendor/laravel/framework/src/Illuminate/Foundation/Application.php(1101): array_walk()
#21 /home/amtech/Desktop/projects/sdssn-app/vendor/laravel/framework/src/Illuminate/Foundation/Bootstrap/BootProviders.php(17): Illuminate\\Foundation\\Application->boot()
#22 /home/amtech/Desktop/projects/sdssn-app/vendor/laravel/framework/src/Illuminate/Foundation/Application.php(316): Illuminate\\Foundation\\Bootstrap\\BootProviders->bootstrap()
#23 /home/amtech/Desktop/projects/sdssn-app/vendor/laravel/framework/src/Illuminate/Foundation/Console/Kernel.php(473): Illuminate\\Foundation\\Application->bootstrapWith()
#24 /home/amtech/Desktop/projects/sdssn-app/vendor/laravel/framework/src/Illuminate/Foundation/Console/Kernel.php(195): Illuminate\\Foundation\\Console\\Kernel->bootstrap()
#25 Command line code(1): Illuminate\\Foundation\\Console\\Kernel->handle()
#26 {main}
"} 
[2024-12-21 05:56:49] local.ERROR: syntax error, unexpected token "}" {"exception":"[object] (ParseError(code: 0): syntax error, unexpected token \"}\" at /home/amtech/Desktop/projects/sdssn-app/routes/api.php:109)
[stacktrace]
#0 /home/amtech/Desktop/projects/sdssn-app/vendor/laravel/framework/src/Illuminate/Routing/Router.php(513): Illuminate\\Routing\\RouteFileRegistrar->register()
#1 /home/amtech/Desktop/projects/sdssn-app/vendor/laravel/framework/src/Illuminate/Routing/Router.php(467): Illuminate\\Routing\\Router->loadRoutes()
#2 /home/amtech/Desktop/projects/sdssn-app/vendor/laravel/framework/src/Illuminate/Routing/RouteRegistrar.php(199): Illuminate\\Routing\\Router->group()
#3 /home/amtech/Desktop/projects/sdssn-app/vendor/laravel/framework/src/Illuminate/Foundation/Configuration/ApplicationBuilder.php(208): Illuminate\\Routing\\RouteRegistrar->group()
#4 /home/amtech/Desktop/projects/sdssn-app/vendor/laravel/framework/src/Illuminate/Container/BoundMethod.php(36): Illuminate\\Foundation\\Configuration\\ApplicationBuilder->Illuminate\\Foundation\\Configuration\\{closure}()
#5 /home/amtech/Desktop/projects/sdssn-app/vendor/laravel/framework/src/Illuminate/Container/Util.php(43): Illuminate\\Container\\BoundMethod::Illuminate\\Container\\{closure}()
#6 /home/amtech/Desktop/projects/sdssn-app/vendor/laravel/framework/src/Illuminate/Container/BoundMethod.php(83): Illuminate\\Container\\Util::unwrapIfClosure()
#7 /home/amtech/Desktop/projects/sdssn-app/vendor/laravel/framework/src/Illuminate/Container/BoundMethod.php(35): Illuminate\\Container\\BoundMethod::callBoundMethod()
#8 /home/amtech/Desktop/projects/sdssn-app/vendor/laravel/framework/src/Illuminate/Container/Container.php(694): Illuminate\\Container\\BoundMethod::call()
#9 /home/amtech/Desktop/projects/sdssn-app/vendor/laravel/framework/src/Illuminate/Foundation/Support/Providers/RouteServiceProvider.php(162): Illuminate\\Container\\Container->call()
#10 /home/amtech/Desktop/projects/sdssn-app/vendor/laravel/framework/src/Illuminate/Foundation/Support/Providers/RouteServiceProvider.php(59): Illuminate\\Foundation\\Support\\Providers\\RouteServiceProvider->loadRoutes()
#11 /home/amtech/Desktop/projects/sdssn-app/vendor/laravel/framework/src/Illuminate/Container/BoundMethod.php(36): Illuminate\\Foundation\\Support\\Providers\\RouteServiceProvider->Illuminate\\Foundation\\Support\\Providers\\{closure}()
#12 /home/amtech/Desktop/projects/sdssn-app/vendor/laravel/framework/src/Illuminate/Container/Util.php(43): Illuminate\\Container\\BoundMethod::Illuminate\\Container\\{closure}()
#13 /home/amtech/Desktop/projects/sdssn-app/vendor/laravel/framework/src/Illuminate/Container/BoundMethod.php(83): Illuminate\\Container\\Util::unwrapIfClosure()
#14 /home/amtech/Desktop/projects/sdssn-app/vendor/laravel/framework/src/Illuminate/Container/BoundMethod.php(35): Illuminate\\Container\\BoundMethod::callBoundMethod()
#15 /home/amtech/Desktop/projects/sdssn-app/vendor/laravel/framework/src/Illuminate/Container/Container.php(694): Illuminate\\Container\\BoundMethod::call()
#16 /home/amtech/Desktop/projects/sdssn-app/vendor/laravel/framework/src/Illuminate/Support/ServiceProvider.php(144): Illuminate\\Container\\Container->call()
#17 /home/amtech/Desktop/projects/sdssn-app/vendor/laravel/framework/src/Illuminate/Foundation/Application.php(1124): Illuminate\\Support\\ServiceProvider->callBootedCallbacks()
#18 /home/amtech/Desktop/projects/sdssn-app/vendor/laravel/framework/src/Illuminate/Foundation/Application.php(1102): Illuminate\\Foundation\\Application->bootProvider()
#19 [internal function]: Illuminate\\Foundation\\Application->Illuminate\\Foundation\\{closure}()
#20 /home/amtech/Desktop/projects/sdssn-app/vendor/laravel/framework/src/Illuminate/Foundation/Application.php(1101): array_walk()
#21 /home/amtech/Desktop/projects/sdssn-app/vendor/laravel/framework/src/Illuminate/Foundation/Bootstrap/BootProviders.php(17): Illuminate\\Foundation\\Application->boot()
#22 /home/amtech/Desktop/projects/sdssn-app/vendor/laravel/framework/src/Illuminate/Foundation/Application.php(316): Illuminate\\Foundation\\Bootstrap\\BootProviders->bootstrap()
#23 /home/amtech/Desktop/projects/sdssn-app/vendor/laravel/framework/src/Illuminate/Foundation/Console/Kernel.php(473): Illuminate\\Foundation\\Application->bootstrapWith()
#24 /home/amtech/Desktop/projects/sdssn-app/vendor/laravel/framework/src/Illuminate/Foundation/Console/Kernel.php(195): Illuminate\\Foundation\\Console\\Kernel->bootstrap()
#25 Command line code(1): Illuminate\\Foundation\\Console\\Kernel->handle()
#26 {main}
"} 
[2024-12-21 05:56:49] local.ERROR: syntax error, unexpected token "}" {"exception":"[object] (ParseError(code: 0): syntax error, unexpected token \"}\" at /home/amtech/Desktop/projects/sdssn-app/routes/api.php:109)
[stacktrace]
#0 /home/amtech/Desktop/projects/sdssn-app/vendor/laravel/framework/src/Illuminate/Routing/Router.php(513): Illuminate\\Routing\\RouteFileRegistrar->register()
#1 /home/amtech/Desktop/projects/sdssn-app/vendor/laravel/framework/src/Illuminate/Routing/Router.php(467): Illuminate\\Routing\\Router->loadRoutes()
#2 /home/amtech/Desktop/projects/sdssn-app/vendor/laravel/framework/src/Illuminate/Routing/RouteRegistrar.php(199): Illuminate\\Routing\\Router->group()
#3 /home/amtech/Desktop/projects/sdssn-app/vendor/laravel/framework/src/Illuminate/Foundation/Configuration/ApplicationBuilder.php(208): Illuminate\\Routing\\RouteRegistrar->group()
#4 /home/amtech/Desktop/projects/sdssn-app/vendor/laravel/framework/src/Illuminate/Container/BoundMethod.php(36): Illuminate\\Foundation\\Configuration\\ApplicationBuilder->Illuminate\\Foundation\\Configuration\\{closure}()
#5 /home/amtech/Desktop/projects/sdssn-app/vendor/laravel/framework/src/Illuminate/Container/Util.php(43): Illuminate\\Container\\BoundMethod::Illuminate\\Container\\{closure}()
#6 /home/amtech/Desktop/projects/sdssn-app/vendor/laravel/framework/src/Illuminate/Container/BoundMethod.php(83): Illuminate\\Container\\Util::unwrapIfClosure()
#7 /home/amtech/Desktop/projects/sdssn-app/vendor/laravel/framework/src/Illuminate/Container/BoundMethod.php(35): Illuminate\\Container\\BoundMethod::callBoundMethod()
#8 /home/amtech/Desktop/projects/sdssn-app/vendor/laravel/framework/src/Illuminate/Container/Container.php(694): Illuminate\\Container\\BoundMethod::call()
#9 /home/amtech/Desktop/projects/sdssn-app/vendor/laravel/framework/src/Illuminate/Foundation/Support/Providers/RouteServiceProvider.php(162): Illuminate\\Container\\Container->call()
#10 /home/amtech/Desktop/projects/sdssn-app/vendor/laravel/framework/src/Illuminate/Foundation/Support/Providers/RouteServiceProvider.php(59): Illuminate\\Foundation\\Support\\Providers\\RouteServiceProvider->loadRoutes()
#11 /home/amtech/Desktop/projects/sdssn-app/vendor/laravel/framework/src/Illuminate/Container/BoundMethod.php(36): Illuminate\\Foundation\\Support\\Providers\\RouteServiceProvider->Illuminate\\Foundation\\Support\\Providers\\{closure}()
#12 /home/amtech/Desktop/projects/sdssn-app/vendor/laravel/framework/src/Illuminate/Container/Util.php(43): Illuminate\\Container\\BoundMethod::Illuminate\\Container\\{closure}()
#13 /home/amtech/Desktop/projects/sdssn-app/vendor/laravel/framework/src/Illuminate/Container/BoundMethod.php(83): Illuminate\\Container\\Util::unwrapIfClosure()
#14 /home/amtech/Desktop/projects/sdssn-app/vendor/laravel/framework/src/Illuminate/Container/BoundMethod.php(35): Illuminate\\Container\\BoundMethod::callBoundMethod()
#15 /home/amtech/Desktop/projects/sdssn-app/vendor/laravel/framework/src/Illuminate/Container/Container.php(694): Illuminate\\Container\\BoundMethod::call()
#16 /home/amtech/Desktop/projects/sdssn-app/vendor/laravel/framework/src/Illuminate/Support/ServiceProvider.php(144): Illuminate\\Container\\Container->call()
#17 /home/amtech/Desktop/projects/sdssn-app/vendor/laravel/framework/src/Illuminate/Foundation/Application.php(1124): Illuminate\\Support\\ServiceProvider->callBootedCallbacks()
#18 /home/amtech/Desktop/projects/sdssn-app/vendor/laravel/framework/src/Illuminate/Foundation/Application.php(1102): Illuminate\\Foundation\\Application->bootProvider()
#19 [internal function]: Illuminate\\Foundation\\Application->Illuminate\\Foundation\\{closure}()
#20 /home/amtech/Desktop/projects/sdssn-app/vendor/laravel/framework/src/Illuminate/Foundation/Application.php(1101): array_walk()
#21 /home/amtech/Desktop/projects/sdssn-app/vendor/laravel/framework/src/Illuminate/Foundation/Bootstrap/BootProviders.php(17): Illuminate\\Foundation\\Application->boot()
#22 /home/amtech/Desktop/projects/sdssn-app/vendor/laravel/framework/src/Illuminate/Foundation/Application.php(316): Illuminate\\Foundation\\Bootstrap\\BootProviders->bootstrap()
#23 /home/amtech/Desktop/projects/sdssn-app/vendor/laravel/framework/src/Illuminate/Foundation/Console/Kernel.php(473): Illuminate\\Foundation\\Application->bootstrapWith()
#24 /home/amtech/Desktop/projects/sdssn-app/vendor/laravel/framework/src/Illuminate/Foundation/Console/Kernel.php(195): Illuminate\\Foundation\\Console\\Kernel->bootstrap()
#25 /home/amtech/Desktop/projects/sdssn-app/vendor/laravel/framework/src/Illuminate/Foundation/Application.php(1205): Illuminate\\Foundation\\Console\\Kernel->handle()
#26 /home/amtech/Desktop/projects/sdssn-app/artisan(13): Illuminate\\Foundation\\Application->handleCommand()
#27 {main}
"} 
[2024-12-21 05:56:52] local.ERROR: syntax error, unexpected token ":" {"exception":"[object] (ParseError(code: 0): syntax error, unexpected token \":\" at /home/amtech/Desktop/projects/sdssn-app/routes/api.php:109)
[stacktrace]
#0 /home/amtech/Desktop/projects/sdssn-app/vendor/laravel/framework/src/Illuminate/Routing/Router.php(513): Illuminate\\Routing\\RouteFileRegistrar->register()
#1 /home/amtech/Desktop/projects/sdssn-app/vendor/laravel/framework/src/Illuminate/Routing/Router.php(467): Illuminate\\Routing\\Router->loadRoutes()
#2 /home/amtech/Desktop/projects/sdssn-app/vendor/laravel/framework/src/Illuminate/Routing/RouteRegistrar.php(199): Illuminate\\Routing\\Router->group()
#3 /home/amtech/Desktop/projects/sdssn-app/vendor/laravel/framework/src/Illuminate/Foundation/Configuration/ApplicationBuilder.php(208): Illuminate\\Routing\\RouteRegistrar->group()
#4 /home/amtech/Desktop/projects/sdssn-app/vendor/laravel/framework/src/Illuminate/Container/BoundMethod.php(36): Illuminate\\Foundation\\Configuration\\ApplicationBuilder->Illuminate\\Foundation\\Configuration\\{closure}()
#5 /home/amtech/Desktop/projects/sdssn-app/vendor/laravel/framework/src/Illuminate/Container/Util.php(43): Illuminate\\Container\\BoundMethod::Illuminate\\Container\\{closure}()
#6 /home/amtech/Desktop/projects/sdssn-app/vendor/laravel/framework/src/Illuminate/Container/BoundMethod.php(83): Illuminate\\Container\\Util::unwrapIfClosure()
#7 /home/amtech/Desktop/projects/sdssn-app/vendor/laravel/framework/src/Illuminate/Container/BoundMethod.php(35): Illuminate\\Container\\BoundMethod::callBoundMethod()
#8 /home/amtech/Desktop/projects/sdssn-app/vendor/laravel/framework/src/Illuminate/Container/Container.php(694): Illuminate\\Container\\BoundMethod::call()
#9 /home/amtech/Desktop/projects/sdssn-app/vendor/laravel/framework/src/Illuminate/Foundation/Support/Providers/RouteServiceProvider.php(162): Illuminate\\Container\\Container->call()
#10 /home/amtech/Desktop/projects/sdssn-app/vendor/laravel/framework/src/Illuminate/Foundation/Support/Providers/RouteServiceProvider.php(59): Illuminate\\Foundation\\Support\\Providers\\RouteServiceProvider->loadRoutes()
#11 /home/amtech/Desktop/projects/sdssn-app/vendor/laravel/framework/src/Illuminate/Container/BoundMethod.php(36): Illuminate\\Foundation\\Support\\Providers\\RouteServiceProvider->Illuminate\\Foundation\\Support\\Providers\\{closure}()
#12 /home/amtech/Desktop/projects/sdssn-app/vendor/laravel/framework/src/Illuminate/Container/Util.php(43): Illuminate\\Container\\BoundMethod::Illuminate\\Container\\{closure}()
#13 /home/amtech/Desktop/projects/sdssn-app/vendor/laravel/framework/src/Illuminate/Container/BoundMethod.php(83): Illuminate\\Container\\Util::unwrapIfClosure()
#14 /home/amtech/Desktop/projects/sdssn-app/vendor/laravel/framework/src/Illuminate/Container/BoundMethod.php(35): Illuminate\\Container\\BoundMethod::callBoundMethod()
#15 /home/amtech/Desktop/projects/sdssn-app/vendor/laravel/framework/src/Illuminate/Container/Container.php(694): Illuminate\\Container\\BoundMethod::call()
#16 /home/amtech/Desktop/projects/sdssn-app/vendor/laravel/framework/src/Illuminate/Support/ServiceProvider.php(144): Illuminate\\Container\\Container->call()
#17 /home/amtech/Desktop/projects/sdssn-app/vendor/laravel/framework/src/Illuminate/Foundation/Application.php(1124): Illuminate\\Support\\ServiceProvider->callBootedCallbacks()
#18 /home/amtech/Desktop/projects/sdssn-app/vendor/laravel/framework/src/Illuminate/Foundation/Application.php(1102): Illuminate\\Foundation\\Application->bootProvider()
#19 [internal function]: Illuminate\\Foundation\\Application->Illuminate\\Foundation\\{closure}()
#20 /home/amtech/Desktop/projects/sdssn-app/vendor/laravel/framework/src/Illuminate/Foundation/Application.php(1101): array_walk()
#21 /home/amtech/Desktop/projects/sdssn-app/vendor/laravel/framework/src/Illuminate/Foundation/Bootstrap/BootProviders.php(17): Illuminate\\Foundation\\Application->boot()
#22 /home/amtech/Desktop/projects/sdssn-app/vendor/laravel/framework/src/Illuminate/Foundation/Application.php(316): Illuminate\\Foundation\\Bootstrap\\BootProviders->bootstrap()
#23 /home/amtech/Desktop/projects/sdssn-app/vendor/laravel/framework/src/Illuminate/Foundation/Console/Kernel.php(473): Illuminate\\Foundation\\Application->bootstrapWith()
#24 /home/amtech/Desktop/projects/sdssn-app/vendor/laravel/framework/src/Illuminate/Foundation/Console/Kernel.php(195): Illuminate\\Foundation\\Console\\Kernel->bootstrap()
#25 /home/amtech/Desktop/projects/sdssn-app/vendor/laravel/framework/src/Illuminate/Foundation/Application.php(1205): Illuminate\\Foundation\\Console\\Kernel->handle()
#26 /home/amtech/Desktop/projects/sdssn-app/artisan(13): Illuminate\\Foundation\\Application->handleCommand()
#27 {main}
"} 
[2024-12-21 05:56:54] local.ERROR: syntax error, unexpected token ":" {"exception":"[object] (ParseError(code: 0): syntax error, unexpected token \":\" at /home/amtech/Desktop/projects/sdssn-app/routes/api.php:109)
[stacktrace]
#0 /home/amtech/Desktop/projects/sdssn-app/vendor/laravel/framework/src/Illuminate/Routing/Router.php(513): Illuminate\\Routing\\RouteFileRegistrar->register()
#1 /home/amtech/Desktop/projects/sdssn-app/vendor/laravel/framework/src/Illuminate/Routing/Router.php(467): Illuminate\\Routing\\Router->loadRoutes()
#2 /home/amtech/Desktop/projects/sdssn-app/vendor/laravel/framework/src/Illuminate/Routing/RouteRegistrar.php(199): Illuminate\\Routing\\Router->group()
#3 /home/amtech/Desktop/projects/sdssn-app/vendor/laravel/framework/src/Illuminate/Foundation/Configuration/ApplicationBuilder.php(208): Illuminate\\Routing\\RouteRegistrar->group()
#4 /home/amtech/Desktop/projects/sdssn-app/vendor/laravel/framework/src/Illuminate/Container/BoundMethod.php(36): Illuminate\\Foundation\\Configuration\\ApplicationBuilder->Illuminate\\Foundation\\Configuration\\{closure}()
#5 /home/amtech/Desktop/projects/sdssn-app/vendor/laravel/framework/src/Illuminate/Container/Util.php(43): Illuminate\\Container\\BoundMethod::Illuminate\\Container\\{closure}()
#6 /home/amtech/Desktop/projects/sdssn-app/vendor/laravel/framework/src/Illuminate/Container/BoundMethod.php(83): Illuminate\\Container\\Util::unwrapIfClosure()
#7 /home/amtech/Desktop/projects/sdssn-app/vendor/laravel/framework/src/Illuminate/Container/BoundMethod.php(35): Illuminate\\Container\\BoundMethod::callBoundMethod()
#8 /home/amtech/Desktop/projects/sdssn-app/vendor/laravel/framework/src/Illuminate/Container/Container.php(694): Illuminate\\Container\\BoundMethod::call()
#9 /home/amtech/Desktop/projects/sdssn-app/vendor/laravel/framework/src/Illuminate/Foundation/Support/Providers/RouteServiceProvider.php(162): Illuminate\\Container\\Container->call()
#10 /home/amtech/Desktop/projects/sdssn-app/vendor/laravel/framework/src/Illuminate/Foundation/Support/Providers/RouteServiceProvider.php(59): Illuminate\\Foundation\\Support\\Providers\\RouteServiceProvider->loadRoutes()
#11 /home/amtech/Desktop/projects/sdssn-app/vendor/laravel/framework/src/Illuminate/Container/BoundMethod.php(36): Illuminate\\Foundation\\Support\\Providers\\RouteServiceProvider->Illuminate\\Foundation\\Support\\Providers\\{closure}()
#12 /home/amtech/Desktop/projects/sdssn-app/vendor/laravel/framework/src/Illuminate/Container/Util.php(43): Illuminate\\Container\\BoundMethod::Illuminate\\Container\\{closure}()
#13 /home/amtech/Desktop/projects/sdssn-app/vendor/laravel/framework/src/Illuminate/Container/BoundMethod.php(83): Illuminate\\Container\\Util::unwrapIfClosure()
#14 /home/amtech/Desktop/projects/sdssn-app/vendor/laravel/framework/src/Illuminate/Container/BoundMethod.php(35): Illuminate\\Container\\BoundMethod::callBoundMethod()
#15 /home/amtech/Desktop/projects/sdssn-app/vendor/laravel/framework/src/Illuminate/Container/Container.php(694): Illuminate\\Container\\BoundMethod::call()
#16 /home/amtech/Desktop/projects/sdssn-app/vendor/laravel/framework/src/Illuminate/Support/ServiceProvider.php(144): Illuminate\\Container\\Container->call()
#17 /home/amtech/Desktop/projects/sdssn-app/vendor/laravel/framework/src/Illuminate/Foundation/Application.php(1124): Illuminate\\Support\\ServiceProvider->callBootedCallbacks()
#18 /home/amtech/Desktop/projects/sdssn-app/vendor/laravel/framework/src/Illuminate/Foundation/Application.php(1102): Illuminate\\Foundation\\Application->bootProvider()
#19 [internal function]: Illuminate\\Foundation\\Application->Illuminate\\Foundation\\{closure}()
#20 /home/amtech/Desktop/projects/sdssn-app/vendor/laravel/framework/src/Illuminate/Foundation/Application.php(1101): array_walk()
#21 /home/amtech/Desktop/projects/sdssn-app/vendor/laravel/framework/src/Illuminate/Foundation/Bootstrap/BootProviders.php(17): Illuminate\\Foundation\\Application->boot()
#22 /home/amtech/Desktop/projects/sdssn-app/vendor/laravel/framework/src/Illuminate/Foundation/Application.php(316): Illuminate\\Foundation\\Bootstrap\\BootProviders->bootstrap()
#23 /home/amtech/Desktop/projects/sdssn-app/vendor/laravel/framework/src/Illuminate/Foundation/Console/Kernel.php(473): Illuminate\\Foundation\\Application->bootstrapWith()
#24 /home/amtech/Desktop/projects/sdssn-app/vendor/laravel/framework/src/Illuminate/Foundation/Console/Kernel.php(195): Illuminate\\Foundation\\Console\\Kernel->bootstrap()
#25 /home/amtech/Desktop/projects/sdssn-app/vendor/laravel/framework/src/Illuminate/Foundation/Application.php(1205): Illuminate\\Foundation\\Console\\Kernel->handle()
#26 /home/amtech/Desktop/projects/sdssn-app/artisan(13): Illuminate\\Foundation\\Application->handleCommand()
#27 {main}
"} 
[2024-12-21 05:56:59] local.ERROR: syntax error, unexpected token ":" {"exception":"[object] (ParseError(code: 0): syntax error, unexpected token \":\" at /home/amtech/Desktop/projects/sdssn-app/routes/api.php:109)
[stacktrace]
#0 /home/amtech/Desktop/projects/sdssn-app/vendor/laravel/framework/src/Illuminate/Routing/Router.php(513): Illuminate\\Routing\\RouteFileRegistrar->register()
#1 /home/amtech/Desktop/projects/sdssn-app/vendor/laravel/framework/src/Illuminate/Routing/Router.php(467): Illuminate\\Routing\\Router->loadRoutes()
#2 /home/amtech/Desktop/projects/sdssn-app/vendor/laravel/framework/src/Illuminate/Routing/RouteRegistrar.php(199): Illuminate\\Routing\\Router->group()
#3 /home/amtech/Desktop/projects/sdssn-app/vendor/laravel/framework/src/Illuminate/Foundation/Configuration/ApplicationBuilder.php(208): Illuminate\\Routing\\RouteRegistrar->group()
#4 /home/amtech/Desktop/projects/sdssn-app/vendor/laravel/framework/src/Illuminate/Container/BoundMethod.php(36): Illuminate\\Foundation\\Configuration\\ApplicationBuilder->Illuminate\\Foundation\\Configuration\\{closure}()
#5 /home/amtech/Desktop/projects/sdssn-app/vendor/laravel/framework/src/Illuminate/Container/Util.php(43): Illuminate\\Container\\BoundMethod::Illuminate\\Container\\{closure}()
#6 /home/amtech/Desktop/projects/sdssn-app/vendor/laravel/framework/src/Illuminate/Container/BoundMethod.php(83): Illuminate\\Container\\Util::unwrapIfClosure()
#7 /home/amtech/Desktop/projects/sdssn-app/vendor/laravel/framework/src/Illuminate/Container/BoundMethod.php(35): Illuminate\\Container\\BoundMethod::callBoundMethod()
#8 /home/amtech/Desktop/projects/sdssn-app/vendor/laravel/framework/src/Illuminate/Container/Container.php(694): Illuminate\\Container\\BoundMethod::call()
#9 /home/amtech/Desktop/projects/sdssn-app/vendor/laravel/framework/src/Illuminate/Foundation/Support/Providers/RouteServiceProvider.php(162): Illuminate\\Container\\Container->call()
#10 /home/amtech/Desktop/projects/sdssn-app/vendor/laravel/framework/src/Illuminate/Foundation/Support/Providers/RouteServiceProvider.php(59): Illuminate\\Foundation\\Support\\Providers\\RouteServiceProvider->loadRoutes()
#11 /home/amtech/Desktop/projects/sdssn-app/vendor/laravel/framework/src/Illuminate/Container/BoundMethod.php(36): Illuminate\\Foundation\\Support\\Providers\\RouteServiceProvider->Illuminate\\Foundation\\Support\\Providers\\{closure}()
#12 /home/amtech/Desktop/projects/sdssn-app/vendor/laravel/framework/src/Illuminate/Container/Util.php(43): Illuminate\\Container\\BoundMethod::Illuminate\\Container\\{closure}()
#13 /home/amtech/Desktop/projects/sdssn-app/vendor/laravel/framework/src/Illuminate/Container/BoundMethod.php(83): Illuminate\\Container\\Util::unwrapIfClosure()
#14 /home/amtech/Desktop/projects/sdssn-app/vendor/laravel/framework/src/Illuminate/Container/BoundMethod.php(35): Illuminate\\Container\\BoundMethod::callBoundMethod()
#15 /home/amtech/Desktop/projects/sdssn-app/vendor/laravel/framework/src/Illuminate/Container/Container.php(694): Illuminate\\Container\\BoundMethod::call()
#16 /home/amtech/Desktop/projects/sdssn-app/vendor/laravel/framework/src/Illuminate/Support/ServiceProvider.php(144): Illuminate\\Container\\Container->call()
#17 /home/amtech/Desktop/projects/sdssn-app/vendor/laravel/framework/src/Illuminate/Foundation/Application.php(1124): Illuminate\\Support\\ServiceProvider->callBootedCallbacks()
#18 /home/amtech/Desktop/projects/sdssn-app/vendor/laravel/framework/src/Illuminate/Foundation/Application.php(1102): Illuminate\\Foundation\\Application->bootProvider()
#19 [internal function]: Illuminate\\Foundation\\Application->Illuminate\\Foundation\\{closure}()
#20 /home/amtech/Desktop/projects/sdssn-app/vendor/laravel/framework/src/Illuminate/Foundation/Application.php(1101): array_walk()
#21 /home/amtech/Desktop/projects/sdssn-app/vendor/laravel/framework/src/Illuminate/Foundation/Bootstrap/BootProviders.php(17): Illuminate\\Foundation\\Application->boot()
#22 /home/amtech/Desktop/projects/sdssn-app/vendor/laravel/framework/src/Illuminate/Foundation/Application.php(316): Illuminate\\Foundation\\Bootstrap\\BootProviders->bootstrap()
#23 /home/amtech/Desktop/projects/sdssn-app/vendor/laravel/framework/src/Illuminate/Foundation/Console/Kernel.php(473): Illuminate\\Foundation\\Application->bootstrapWith()
#24 /home/amtech/Desktop/projects/sdssn-app/vendor/laravel/framework/src/Illuminate/Foundation/Console/Kernel.php(195): Illuminate\\Foundation\\Console\\Kernel->bootstrap()
#25 Command line code(1): Illuminate\\Foundation\\Console\\Kernel->handle()
#26 {main}
"} 
[2024-12-21 05:56:59] local.ERROR: syntax error, unexpected token ":" {"exception":"[object] (ParseError(code: 0): syntax error, unexpected token \":\" at /home/amtech/Desktop/projects/sdssn-app/routes/api.php:109)
[stacktrace]
#0 /home/amtech/Desktop/projects/sdssn-app/vendor/laravel/framework/src/Illuminate/Routing/Router.php(513): Illuminate\\Routing\\RouteFileRegistrar->register()
#1 /home/amtech/Desktop/projects/sdssn-app/vendor/laravel/framework/src/Illuminate/Routing/Router.php(467): Illuminate\\Routing\\Router->loadRoutes()
#2 /home/amtech/Desktop/projects/sdssn-app/vendor/laravel/framework/src/Illuminate/Routing/RouteRegistrar.php(199): Illuminate\\Routing\\Router->group()
#3 /home/amtech/Desktop/projects/sdssn-app/vendor/laravel/framework/src/Illuminate/Foundation/Configuration/ApplicationBuilder.php(208): Illuminate\\Routing\\RouteRegistrar->group()
#4 /home/amtech/Desktop/projects/sdssn-app/vendor/laravel/framework/src/Illuminate/Container/BoundMethod.php(36): Illuminate\\Foundation\\Configuration\\ApplicationBuilder->Illuminate\\Foundation\\Configuration\\{closure}()
#5 /home/amtech/Desktop/projects/sdssn-app/vendor/laravel/framework/src/Illuminate/Container/Util.php(43): Illuminate\\Container\\BoundMethod::Illuminate\\Container\\{closure}()
#6 /home/amtech/Desktop/projects/sdssn-app/vendor/laravel/framework/src/Illuminate/Container/BoundMethod.php(83): Illuminate\\Container\\Util::unwrapIfClosure()
#7 /home/amtech/Desktop/projects/sdssn-app/vendor/laravel/framework/src/Illuminate/Container/BoundMethod.php(35): Illuminate\\Container\\BoundMethod::callBoundMethod()
#8 /home/amtech/Desktop/projects/sdssn-app/vendor/laravel/framework/src/Illuminate/Container/Container.php(694): Illuminate\\Container\\BoundMethod::call()
#9 /home/amtech/Desktop/projects/sdssn-app/vendor/laravel/framework/src/Illuminate/Foundation/Support/Providers/RouteServiceProvider.php(162): Illuminate\\Container\\Container->call()
#10 /home/amtech/Desktop/projects/sdssn-app/vendor/laravel/framework/src/Illuminate/Foundation/Support/Providers/RouteServiceProvider.php(59): Illuminate\\Foundation\\Support\\Providers\\RouteServiceProvider->loadRoutes()
#11 /home/amtech/Desktop/projects/sdssn-app/vendor/laravel/framework/src/Illuminate/Container/BoundMethod.php(36): Illuminate\\Foundation\\Support\\Providers\\RouteServiceProvider->Illuminate\\Foundation\\Support\\Providers\\{closure}()
#12 /home/amtech/Desktop/projects/sdssn-app/vendor/laravel/framework/src/Illuminate/Container/Util.php(43): Illuminate\\Container\\BoundMethod::Illuminate\\Container\\{closure}()
#13 /home/amtech/Desktop/projects/sdssn-app/vendor/laravel/framework/src/Illuminate/Container/BoundMethod.php(83): Illuminate\\Container\\Util::unwrapIfClosure()
#14 /home/amtech/Desktop/projects/sdssn-app/vendor/laravel/framework/src/Illuminate/Container/BoundMethod.php(35): Illuminate\\Container\\BoundMethod::callBoundMethod()
#15 /home/amtech/Desktop/projects/sdssn-app/vendor/laravel/framework/src/Illuminate/Container/Container.php(694): Illuminate\\Container\\BoundMethod::call()
#16 /home/amtech/Desktop/projects/sdssn-app/vendor/laravel/framework/src/Illuminate/Support/ServiceProvider.php(144): Illuminate\\Container\\Container->call()
#17 /home/amtech/Desktop/projects/sdssn-app/vendor/laravel/framework/src/Illuminate/Foundation/Application.php(1124): Illuminate\\Support\\ServiceProvider->callBootedCallbacks()
#18 /home/amtech/Desktop/projects/sdssn-app/vendor/laravel/framework/src/Illuminate/Foundation/Application.php(1102): Illuminate\\Foundation\\Application->bootProvider()
#19 [internal function]: Illuminate\\Foundation\\Application->Illuminate\\Foundation\\{closure}()
#20 /home/amtech/Desktop/projects/sdssn-app/vendor/laravel/framework/src/Illuminate/Foundation/Application.php(1101): array_walk()
#21 /home/amtech/Desktop/projects/sdssn-app/vendor/laravel/framework/src/Illuminate/Foundation/Bootstrap/BootProviders.php(17): Illuminate\\Foundation\\Application->boot()
#22 /home/amtech/Desktop/projects/sdssn-app/vendor/laravel/framework/src/Illuminate/Foundation/Application.php(316): Illuminate\\Foundation\\Bootstrap\\BootProviders->bootstrap()
#23 /home/amtech/Desktop/projects/sdssn-app/vendor/laravel/framework/src/Illuminate/Foundation/Console/Kernel.php(473): Illuminate\\Foundation\\Application->bootstrapWith()
#24 /home/amtech/Desktop/projects/sdssn-app/vendor/laravel/framework/src/Illuminate/Foundation/Console/Kernel.php(195): Illuminate\\Foundation\\Console\\Kernel->bootstrap()
#25 Command line code(1): Illuminate\\Foundation\\Console\\Kernel->handle()
#26 {main}
"} 
[2024-12-21 05:57:03] local.ERROR: syntax error, unexpected token ":" {"exception":"[object] (ParseError(code: 0): syntax error, unexpected token \":\" at /home/amtech/Desktop/projects/sdssn-app/routes/api.php:109)
[stacktrace]
#0 /home/amtech/Desktop/projects/sdssn-app/vendor/laravel/framework/src/Illuminate/Routing/Router.php(513): Illuminate\\Routing\\RouteFileRegistrar->register()
#1 /home/amtech/Desktop/projects/sdssn-app/vendor/laravel/framework/src/Illuminate/Routing/Router.php(467): Illuminate\\Routing\\Router->loadRoutes()
#2 /home/amtech/Desktop/projects/sdssn-app/vendor/laravel/framework/src/Illuminate/Routing/RouteRegistrar.php(199): Illuminate\\Routing\\Router->group()
#3 /home/amtech/Desktop/projects/sdssn-app/vendor/laravel/framework/src/Illuminate/Foundation/Configuration/ApplicationBuilder.php(208): Illuminate\\Routing\\RouteRegistrar->group()
#4 /home/amtech/Desktop/projects/sdssn-app/vendor/laravel/framework/src/Illuminate/Container/BoundMethod.php(36): Illuminate\\Foundation\\Configuration\\ApplicationBuilder->Illuminate\\Foundation\\Configuration\\{closure}()
#5 /home/amtech/Desktop/projects/sdssn-app/vendor/laravel/framework/src/Illuminate/Container/Util.php(43): Illuminate\\Container\\BoundMethod::Illuminate\\Container\\{closure}()
#6 /home/amtech/Desktop/projects/sdssn-app/vendor/laravel/framework/src/Illuminate/Container/BoundMethod.php(83): Illuminate\\Container\\Util::unwrapIfClosure()
#7 /home/amtech/Desktop/projects/sdssn-app/vendor/laravel/framework/src/Illuminate/Container/BoundMethod.php(35): Illuminate\\Container\\BoundMethod::callBoundMethod()
#8 /home/amtech/Desktop/projects/sdssn-app/vendor/laravel/framework/src/Illuminate/Container/Container.php(694): Illuminate\\Container\\BoundMethod::call()
#9 /home/amtech/Desktop/projects/sdssn-app/vendor/laravel/framework/src/Illuminate/Foundation/Support/Providers/RouteServiceProvider.php(162): Illuminate\\Container\\Container->call()
#10 /home/amtech/Desktop/projects/sdssn-app/vendor/laravel/framework/src/Illuminate/Foundation/Support/Providers/RouteServiceProvider.php(59): Illuminate\\Foundation\\Support\\Providers\\RouteServiceProvider->loadRoutes()
#11 /home/amtech/Desktop/projects/sdssn-app/vendor/laravel/framework/src/Illuminate/Container/BoundMethod.php(36): Illuminate\\Foundation\\Support\\Providers\\RouteServiceProvider->Illuminate\\Foundation\\Support\\Providers\\{closure}()
#12 /home/amtech/Desktop/projects/sdssn-app/vendor/laravel/framework/src/Illuminate/Container/Util.php(43): Illuminate\\Container\\BoundMethod::Illuminate\\Container\\{closure}()
#13 /home/amtech/Desktop/projects/sdssn-app/vendor/laravel/framework/src/Illuminate/Container/BoundMethod.php(83): Illuminate\\Container\\Util::unwrapIfClosure()
#14 /home/amtech/Desktop/projects/sdssn-app/vendor/laravel/framework/src/Illuminate/Container/BoundMethod.php(35): Illuminate\\Container\\BoundMethod::callBoundMethod()
#15 /home/amtech/Desktop/projects/sdssn-app/vendor/laravel/framework/src/Illuminate/Container/Container.php(694): Illuminate\\Container\\BoundMethod::call()
#16 /home/amtech/Desktop/projects/sdssn-app/vendor/laravel/framework/src/Illuminate/Support/ServiceProvider.php(144): Illuminate\\Container\\Container->call()
#17 /home/amtech/Desktop/projects/sdssn-app/vendor/laravel/framework/src/Illuminate/Foundation/Application.php(1124): Illuminate\\Support\\ServiceProvider->callBootedCallbacks()
#18 /home/amtech/Desktop/projects/sdssn-app/vendor/laravel/framework/src/Illuminate/Foundation/Application.php(1102): Illuminate\\Foundation\\Application->bootProvider()
#19 [internal function]: Illuminate\\Foundation\\Application->Illuminate\\Foundation\\{closure}()
#20 /home/amtech/Desktop/projects/sdssn-app/vendor/laravel/framework/src/Illuminate/Foundation/Application.php(1101): array_walk()
#21 /home/amtech/Desktop/projects/sdssn-app/vendor/laravel/framework/src/Illuminate/Foundation/Bootstrap/BootProviders.php(17): Illuminate\\Foundation\\Application->boot()
#22 /home/amtech/Desktop/projects/sdssn-app/vendor/laravel/framework/src/Illuminate/Foundation/Application.php(316): Illuminate\\Foundation\\Bootstrap\\BootProviders->bootstrap()
#23 /home/amtech/Desktop/projects/sdssn-app/vendor/laravel/framework/src/Illuminate/Foundation/Console/Kernel.php(473): Illuminate\\Foundation\\Application->bootstrapWith()
#24 /home/amtech/Desktop/projects/sdssn-app/vendor/laravel/framework/src/Illuminate/Foundation/Console/Kernel.php(195): Illuminate\\Foundation\\Console\\Kernel->bootstrap()
#25 /home/amtech/Desktop/projects/sdssn-app/vendor/laravel/framework/src/Illuminate/Foundation/Application.php(1205): Illuminate\\Foundation\\Console\\Kernel->handle()
#26 /home/amtech/Desktop/projects/sdssn-app/artisan(13): Illuminate\\Foundation\\Application->handleCommand()
#27 {main}
"} 
